2021.9.9
    1、在隔离环境过一遍联报的新增，编辑，列表
    2、排查promotion-task内存过高的情况
        相关文档：
        http://codefun007.xyz/a/article_detail/397.htm
        https://blog.csdn.net/wangpeng1201/article/details/116779531?utm_medium=distribute.pc_relevant_t0.none-task-blog-2%7Edefault%7ECTRLIST%7Edefault-1.no_search_link&depth_1-utm_source=distribute.pc_relevant_t0.none-task-blog-2%7Edefault%7ECTRLIST%7Edefault-1.no_search_link
    3、拼团补偿逻辑 时间间隔先改回来 done
    4、帮万海合下代码到主分支  done

2021.9.10
    1、course-setting更改 品类集合
    2、品类integer

2021.9.11
    1、更改了品类字段类型
    2、学习了es相关内容

   es总结：

   	1、初始化
   	put /index/type/_doc
   	2、插入数据
   	post /index/type
   	{json}
   	3、删除
   	delete
   	4、语法
   	match/match_all 都是包含匹配
   	match_phrase 精准匹配
   	bool 多条件查询
   		must 相当于 and
   		shoule 相当于or
   	aggs 聚合

2021.9.13
    1、完成联报的p0并 showcase
    2、联报改动的 apollo配置项梳理
    3、给订单提供的接口梳理

    后端隔离：班课930-(courseSetting+boss+分班+师资鉴权)
    前端隔离：isolute-feat-clazz-course-merge-fe

    联报上线注意事项：
        1、course.redis.switch 开关先关掉 10分钟
        2、刷es, k12没有bizType
        3、

2021.9.14
    1、promotion-task  rocketMq问题排查
    2、鉴权了解下
    3、给订单提供的接口自测下

2021.9.16
    1、github看mq源码
    2、mq的 group沉淀一份wiki
    3、api中缓存activity 缓存更新检查

2021.9.18

    gaotu-coupon-a-task  done
    gaotu-coupon-c-task done
    gaotu-coupon-management-task done
    gaotu-promotion-task done
    gaotu-promotion-management done
    gaotu-market


2021.9.23

    1、总目标：成本控制

    2、方法：服务缩容或者降配
    	2.1 判断
    	2.2 缩容、降配流程
    	2.3 补救措施
    	2.4 定时扩缩容
    	2.5 服务优化，eg：task计算任务可以走阿里云后台

    3、服务docker化


    4、相关wiki
    https://wiki.baijia.com/pages/viewpage.action?pageId=110629755
    https://wiki.baijia.com/pages/viewpage.action?pageId=120195691

2021.9.26

    1、下线机器不能用于克隆，这个加到wiki里

    操作系统导论


2021.10.9

    1、期提供大麦接口开发
    2、期接口鉴权


2021.10.13
    1、支持期联调
    2、完成成本控制第一阶段
    3、数据迁移了解
    4、网络


2021.10.14
    1、成本控制
    2、万海说的昨晚定时扩缩容导致的问题
    3、关注期开发 支持期测试